[2024-03-26 01:22:04,503: INFO: common: yaml file: config\config.yaml loaded successfully]
[2024-03-26 01:22:04,514: INFO: common: yaml file: params.yaml loaded successfully]
[2024-03-26 01:22:04,525: INFO: common: yaml file: schema.yaml loaded successfully]
[2024-03-26 01:22:04,527: INFO: common: created directory at: artifacts]
[2024-03-26 01:22:04,529: INFO: common: created directory at: artifacts/data_validation]
[2024-03-26 01:24:54,658: INFO: common: yaml file: config\config.yaml loaded successfully]
[2024-03-26 01:24:54,661: INFO: common: yaml file: params.yaml loaded successfully]
[2024-03-26 01:24:54,666: INFO: common: yaml file: schema.yaml loaded successfully]
[2024-03-26 01:24:54,668: INFO: common: created directory at: artifacts]
[2024-03-26 01:24:54,670: INFO: common: created directory at: artifacts/data_validation]
[2024-03-26 01:26:45,436: INFO: common: yaml file: config\config.yaml loaded successfully]
[2024-03-26 01:26:45,438: INFO: common: yaml file: params.yaml loaded successfully]
[2024-03-26 01:26:45,440: INFO: common: yaml file: schema.yaml loaded successfully]
[2024-03-26 01:26:45,443: INFO: common: created directory at: artifacts]
[2024-03-26 01:26:45,444: INFO: common: created directory at: artifacts/data_validation]
[2024-03-26 01:30:22,336: INFO: common: yaml file: config\config.yaml loaded successfully]
[2024-03-26 01:30:22,344: INFO: common: yaml file: params.yaml loaded successfully]
[2024-03-26 01:30:22,352: INFO: common: yaml file: schema.yaml loaded successfully]
[2024-03-26 01:30:22,355: INFO: common: created directory at: artifacts]
[2024-03-26 01:30:22,356: INFO: common: created directory at: artifacts/data_validation]
[2024-04-02 21:28:20,437: INFO: common: yaml file: config\config.yaml loaded successfully]
[2024-04-02 21:28:20,441: INFO: common: yaml file: params.yaml loaded successfully]
[2024-04-02 21:28:20,447: INFO: common: yaml file: schema.yaml loaded successfully]
[2024-04-02 21:40:30,435: INFO: common: yaml file: config\config.yaml loaded successfully]
[2024-04-02 21:40:30,438: INFO: common: yaml file: params.yaml loaded successfully]
[2024-04-02 21:40:30,442: INFO: common: yaml file: schema.yaml loaded successfully]
[2024-04-02 21:41:51,841: INFO: common: yaml file: config\config.yaml loaded successfully]
[2024-04-02 21:41:51,846: INFO: common: yaml file: params.yaml loaded successfully]
[2024-04-02 21:41:51,851: INFO: common: yaml file: schema.yaml loaded successfully]
[2024-04-03 03:47:21,077: INFO: common: yaml file: config\config.yaml loaded successfully]
[2024-04-03 03:47:21,087: INFO: common: yaml file: params.yaml loaded successfully]
[2024-04-03 03:47:21,099: INFO: common: yaml file: schema.yaml loaded successfully]
[2024-04-03 03:47:21,101: INFO: common: created directory at: artifacts]
[2024-04-03 03:47:21,102: INFO: common: created directory at: artifacts]
[2024-04-03 03:48:27,675: INFO: common: yaml file: config\config.yaml loaded successfully]
[2024-04-03 03:48:27,678: INFO: common: yaml file: params.yaml loaded successfully]
[2024-04-03 03:48:27,681: INFO: common: yaml file: schema.yaml loaded successfully]
[2024-04-03 03:48:27,683: INFO: common: created directory at: artifacts]
[2024-04-03 03:48:27,686: INFO: common: created directory at: artifacts]
[2024-04-03 04:02:30,616: INFO: common: yaml file: config\config.yaml loaded successfully]
[2024-04-03 04:02:30,620: INFO: common: yaml file: params.yaml loaded successfully]
[2024-04-03 04:02:30,624: INFO: common: yaml file: schema.yaml loaded successfully]
[2024-04-03 04:02:30,629: INFO: common: created directory at: artifacts]
[2024-04-03 04:02:30,630: INFO: common: created directory at: artifacts]
[2024-04-03 04:03:40,808: INFO: common: yaml file: config\config.yaml loaded successfully]
[2024-04-03 04:03:40,812: INFO: common: yaml file: params.yaml loaded successfully]
[2024-04-03 04:03:40,816: INFO: common: yaml file: schema.yaml loaded successfully]
[2024-04-03 04:03:40,819: INFO: common: created directory at: artifacts]
[2024-04-03 04:03:40,820: INFO: common: created directory at: artifacts]
[2024-04-03 04:04:17,119: INFO: common: yaml file: config\config.yaml loaded successfully]
[2024-04-03 04:04:17,122: INFO: common: yaml file: params.yaml loaded successfully]
[2024-04-03 04:04:17,126: INFO: common: yaml file: schema.yaml loaded successfully]
[2024-04-03 04:04:17,129: INFO: common: created directory at: artifacts]
[2024-04-03 04:04:17,130: INFO: common: created directory at: artifacts]
[2024-04-03 04:06:20,220: INFO: common: yaml file: config\config.yaml loaded successfully]
[2024-04-03 04:06:20,223: INFO: common: yaml file: params.yaml loaded successfully]
[2024-04-03 04:06:20,228: INFO: common: yaml file: schema.yaml loaded successfully]
[2024-04-03 04:06:20,231: INFO: common: created directory at: artifacts]
[2024-04-03 04:10:52,874: INFO: common: yaml file: config\config.yaml loaded successfully]
[2024-04-03 04:10:52,878: INFO: common: yaml file: params.yaml loaded successfully]
[2024-04-03 04:10:52,882: INFO: common: yaml file: schema.yaml loaded successfully]
[2024-04-03 04:10:52,885: INFO: common: created directory at: artifacts]
[2024-04-03 04:13:38,703: INFO: common: yaml file: config\config.yaml loaded successfully]
[2024-04-03 04:13:38,707: INFO: common: yaml file: params.yaml loaded successfully]
[2024-04-03 04:13:38,711: INFO: common: yaml file: schema.yaml loaded successfully]
[2024-04-03 04:13:38,714: INFO: common: created directory at: artifacts]
[2024-04-03 04:15:07,377: INFO: common: yaml file: config\config.yaml loaded successfully]
[2024-04-03 04:15:07,380: INFO: common: yaml file: params.yaml loaded successfully]
[2024-04-03 04:15:07,385: INFO: common: yaml file: schema.yaml loaded successfully]
[2024-04-03 04:15:07,388: INFO: common: created directory at: artifacts]
[2024-04-03 04:16:14,948: INFO: common: yaml file: config\config.yaml loaded successfully]
[2024-04-03 04:16:14,951: INFO: common: yaml file: params.yaml loaded successfully]
[2024-04-03 04:16:14,956: INFO: common: yaml file: schema.yaml loaded successfully]
[2024-04-03 04:16:14,958: INFO: common: created directory at: artifacts]
[2024-04-03 04:16:14,960: INFO: common: created directory at: artifacts/model_trainer]
[2024-04-03 04:21:00,263: INFO: common: yaml file: config\config.yaml loaded successfully]
[2024-04-03 04:21:00,267: INFO: common: yaml file: params.yaml loaded successfully]
[2024-04-03 04:21:00,271: INFO: common: yaml file: schema.yaml loaded successfully]
[2024-04-03 04:21:00,273: INFO: common: created directory at: artifacts]
[2024-04-03 04:21:00,276: INFO: common: created directory at: artifacts/model_trainer]
[2024-04-03 04:22:21,788: INFO: common: yaml file: config\config.yaml loaded successfully]
[2024-04-03 04:22:21,791: INFO: common: yaml file: params.yaml loaded successfully]
[2024-04-03 04:22:21,796: INFO: common: yaml file: schema.yaml loaded successfully]
[2024-04-03 04:22:21,799: INFO: common: created directory at: artifacts]
[2024-04-03 04:22:21,800: INFO: common: created directory at: artifacts/model_trainer]
[2024-04-03 04:37:09,611: INFO: common: yaml file: config\config.yaml loaded successfully]
[2024-04-03 04:37:09,614: INFO: common: yaml file: params.yaml loaded successfully]
[2024-04-03 04:37:09,617: INFO: common: yaml file: schema.yaml loaded successfully]
[2024-04-03 04:37:09,620: INFO: common: created directory at: artifacts]
[2024-04-03 04:37:09,623: INFO: common: created directory at: artifacts/model_trainer]
[2024-04-03 05:00:14,536: INFO: common: yaml file: config\config.yaml loaded successfully]
[2024-04-03 05:00:14,541: INFO: common: yaml file: params.yaml loaded successfully]
[2024-04-03 05:00:14,548: INFO: common: yaml file: schema.yaml loaded successfully]
[2024-04-03 05:00:14,550: INFO: common: created directory at: artifacts]
[2024-04-03 05:00:14,552: INFO: common: created directory at: artifacts/model_trainer]
[2024-04-03 05:02:05,429: INFO: common: yaml file: config\config.yaml loaded successfully]
[2024-04-03 05:02:05,432: INFO: common: yaml file: params.yaml loaded successfully]
[2024-04-03 05:02:05,436: INFO: common: yaml file: schema.yaml loaded successfully]
[2024-04-03 05:02:05,439: INFO: common: created directory at: artifacts]
[2024-04-03 05:02:05,441: INFO: common: created directory at: artifacts/model_trainer]
[2024-04-03 05:06:03,434: INFO: common: yaml file: config\config.yaml loaded successfully]
[2024-04-03 05:06:03,438: INFO: common: yaml file: params.yaml loaded successfully]
[2024-04-03 05:06:03,442: INFO: common: yaml file: schema.yaml loaded successfully]
[2024-04-03 05:06:03,444: INFO: common: created directory at: artifacts]
[2024-04-03 05:06:03,446: INFO: common: created directory at: artifacts/model_trainer]
[2024-04-03 05:06:26,632: INFO: common: yaml file: config\config.yaml loaded successfully]
[2024-04-03 05:06:26,636: INFO: common: yaml file: params.yaml loaded successfully]
[2024-04-03 05:06:26,641: INFO: common: yaml file: schema.yaml loaded successfully]
[2024-04-03 05:06:26,644: INFO: common: created directory at: artifacts]
[2024-04-03 05:06:26,646: INFO: common: created directory at: artifacts/model_trainer]
